Crashlog created at 2017-06-07 20:50:17 +1000

===== MESSAGE:

NoMethodError: undefined method `created_at' for #<Nanoc::ItemWithRepsView:0x007f8ab22ee4d0>

===== ITEM BEING COMPILED:

Item identifier: /essays.html
Item rep name:   :default

===== STACK TRACE:

  0. layout /list.html:1:in `sort'
  1. layout /list.html:1:in `get_binding'
  2. /Users/josh/.rbenv/versions/2.3.4/lib/ruby/2.3.0/erb.rb:864:in `eval'
  3. /Users/josh/.rbenv/versions/2.3.4/lib/ruby/2.3.0/erb.rb:864:in `result'
  4. /Users/josh/.rbenv/versions/2.3.4/lib/ruby/gems/2.3.0/gems/nanoc-4.7.10/lib/nanoc/filters/erb.rb:36:in `run'
  5. /Users/josh/.rbenv/versions/2.3.4/lib/ruby/gems/2.3.0/gems/nanoc-4.7.10/lib/nanoc/base/services/filter.rb:152:in `setup_and_run'
  6. /Users/josh/.rbenv/versions/2.3.4/lib/ruby/gems/2.3.0/gems/nanoc-4.7.10/lib/nanoc/helpers/rendering.rb:54:in `render'
  7. item /essays.html (rep default):2:in `get_binding'
  8. /Users/josh/.rbenv/versions/2.3.4/lib/ruby/2.3.0/erb.rb:864:in `eval'
  9. /Users/josh/.rbenv/versions/2.3.4/lib/ruby/2.3.0/erb.rb:864:in `result'
  10. /Users/josh/.rbenv/versions/2.3.4/lib/ruby/gems/2.3.0/gems/nanoc-4.7.10/lib/nanoc/filters/erb.rb:36:in `run'
  11. /Users/josh/.rbenv/versions/2.3.4/lib/ruby/gems/2.3.0/gems/nanoc-4.7.10/lib/nanoc/base/services/filter.rb:152:in `setup_and_run'
  12. /Users/josh/.rbenv/versions/2.3.4/lib/ruby/gems/2.3.0/gems/nanoc-4.7.10/lib/nanoc/base/services/executor.rb:28:in `filter'
  13. /Users/josh/.rbenv/versions/2.3.4/lib/ruby/gems/2.3.0/gems/nanoc-4.7.10/lib/nanoc/base/services/compiler/phases/recalculate.rb:30:in `block in run'
  14. /Users/josh/.rbenv/versions/2.3.4/lib/ruby/gems/2.3.0/gems/nanoc-4.7.10/lib/nanoc/base/entities/action_sequence.rb:50:in `block in each'
  15. /Users/josh/.rbenv/versions/2.3.4/lib/ruby/gems/2.3.0/gems/nanoc-4.7.10/lib/nanoc/base/entities/action_sequence.rb:50:in `each'
  16. /Users/josh/.rbenv/versions/2.3.4/lib/ruby/gems/2.3.0/gems/nanoc-4.7.10/lib/nanoc/base/entities/action_sequence.rb:50:in `each'
  17. /Users/josh/.rbenv/versions/2.3.4/lib/ruby/gems/2.3.0/gems/nanoc-4.7.10/lib/nanoc/base/services/compiler/phases/recalculate.rb:27:in `run'
  18. /Users/josh/.rbenv/versions/2.3.4/lib/ruby/gems/2.3.0/gems/nanoc-4.7.10/lib/nanoc/base/services/compiler/phases/abstract.rb:13:in `call'
  19. /Users/josh/.rbenv/versions/2.3.4/lib/ruby/gems/2.3.0/gems/nanoc-4.7.10/lib/nanoc/base/services/compiler/phases/abstract.rb:15:in `block in call'
  20. /Users/josh/.rbenv/versions/2.3.4/lib/ruby/gems/2.3.0/gems/nanoc-4.7.10/lib/nanoc/base/services/compiler/phases/cache.rb:23:in `run'
  21. /Users/josh/.rbenv/versions/2.3.4/lib/ruby/gems/2.3.0/gems/nanoc-4.7.10/lib/nanoc/base/services/compiler/phases/abstract.rb:13:in `call'
  22. /Users/josh/.rbenv/versions/2.3.4/lib/ruby/gems/2.3.0/gems/nanoc-4.7.10/lib/nanoc/base/services/compiler/phases/abstract.rb:15:in `block in call'
  23. /Users/josh/.rbenv/versions/2.3.4/lib/ruby/gems/2.3.0/gems/nanoc-4.7.10/lib/nanoc/base/services/compiler/phases/resume.rb:14:in `block in run'

===== VERSION INFORMATION:

Nanoc 4.7.10 © 2007-2017 Denis Defreyne.
Running ruby 2.3.4 (2017-03-30) on x86_64-darwin15 with RubyGems 2.5.2.

===== SYSTEM INFORMATION:

Darwin snitch.local 15.6.0 Darwin Kernel Version 15.6.0: Tue Apr 11 16:00:51 PDT 2017; root:xnu-3248.60.11.5.3~1/RELEASE_X86_64 x86_64

===== INSTALLED GEMS:

  adsf 1.2.1
  bundler 1.14.6
  coderay 1.1.1
  colored 1.2
  concurrent-ruby 1.0.5
  cri 2.9.1
  ddplugin 1.0.1
  ffi 1.9.18
  formatador 0.2.5
  guard 2.14.1
  guard-compat 1.2.1
  guard-nanoc 2.1.2
  hamster 3.0.0
  highline 1.7.8
  kramdown 1.13.1
  listen 3.1.5
  lumberjack 1.0.12
  method_source 0.8.2
  nanoc 4.7.10
  nenv 0.3.0
  notiffany 0.1.1
  pry 0.10.4
  rack 2.0.3
  rake 11.3.0
  rb-fsevent 0.9.8
  rb-inotify 0.9.8
  ref 2.0.0
  ruby_dep 1.5.0
  shellany 0.0.1
  slop 3.6.0
  stringex 2.7.1
  thor 0.19.4

===== GEMFILE.LOCK:

GEM
  remote: https://rubygems.org/
  specs:
    adsf (1.2.1)
      rack (>= 1.0.0)
    coderay (1.1.1)
    colored (1.2)
    concurrent-ruby (1.0.5)
    cri (2.9.1)
      colored (~> 1.2)
    ddplugin (1.0.1)
    ffi (1.9.18)
    formatador (0.2.5)
    guard (2.14.1)
      formatador (>= 0.2.4)
      listen (>= 2.7, < 4.0)
      lumberjack (~> 1.0)
      nenv (~> 0.1)
      notiffany (~> 0.0)
      pry (>= 0.9.12)
      shellany (~> 0.0)
      thor (>= 0.18.1)
    guard-compat (1.2.1)
    guard-nanoc (2.1.2)
      guard (~> 2.8)
      guard-compat (~> 1.0)
      nanoc (>= 4.3.8, < 5.0)
    hamster (3.0.0)
      concurrent-ruby (~> 1.0)
    highline (1.7.8)
    kramdown (1.13.1)
    listen (3.1.5)
      rb-fsevent (~> 0.9, >= 0.9.4)
      rb-inotify (~> 0.9, >= 0.9.7)
      ruby_dep (~> 1.2)
    lumberjack (1.0.12)
    method_source (0.8.2)
    nanoc (4.7.10)
      cri (~> 2.8)
      ddplugin (~> 1.0)
      hamster (~> 3.0)
      ref (~> 2.0)
    nenv (0.3.0)
    notiffany (0.1.1)
      nenv (~> 0.1)
      shellany (~> 0.0)
    pry (0.10.4)
      coderay (~> 1.1.0)
      method_source (~> 0.8.1)
      slop (~> 3.4)
    rack (2.0.3)
    rake (11.3.0)
    rb-fsevent (0.9.8)
    rb-inotify (0.9.8)
      ffi (>= 0.5.0)
    ref (2.0.0)
    ruby_dep (1.5.0)
    shellany (0.0.1)
    slop (3.6.0)
    stringex (2.7.1)
    thor (0.19.4)

PLATFORMS
  ruby

DEPENDENCIES
  adsf
  guard-nanoc
  highline
  kramdown
  nanoc (~> 4.7)
  rake
  stringex

RUBY VERSION
   ruby 2.3.4p301

BUNDLED WITH
   1.14.6

===== LOAD PATHS:

  0. /Users/josh/.rbenv/versions/2.3.4/lib/ruby/gems/2.3.0/gems/ref-2.0.0/lib
  1. /usr/local/Cellar/rbenv/1.0.0/rbenv.d/exec/gem-rehash
  2. /Users/josh/.rbenv/versions/2.3.4/lib/ruby/gems/2.3.0/gems/bundler-1.14.6/lib
  3. /Users/josh/.rbenv/versions/2.3.4/lib/ruby/gems/2.3.0/gems/stringex-2.7.1/lib
  4. /Users/josh/.rbenv/versions/2.3.4/lib/ruby/gems/2.3.0/gems/kramdown-1.13.1/lib
  5. /Users/josh/.rbenv/versions/2.3.4/lib/ruby/gems/2.3.0/gems/highline-1.7.8/lib
  6. /Users/josh/.rbenv/versions/2.3.4/lib/ruby/gems/2.3.0/gems/guard-nanoc-2.1.2/lib
  7. /Users/josh/.rbenv/versions/2.3.4/lib/ruby/gems/2.3.0/gems/nanoc-4.7.10/lib
  8. /Users/josh/.rbenv/versions/2.3.4/lib/ruby/gems/2.3.0/gems/ref-2.0.0/lib
  9. /Users/josh/.rbenv/versions/2.3.4/lib/ruby/gems/2.3.0/gems/hamster-3.0.0/lib
  10. /Users/josh/.rbenv/versions/2.3.4/lib/ruby/gems/2.3.0/gems/guard-compat-1.2.1/lib
  11. /Users/josh/.rbenv/versions/2.3.4/lib/ruby/gems/2.3.0/gems/guard-2.14.1/lib
  12. /Users/josh/.rbenv/versions/2.3.4/lib/ruby/gems/2.3.0/gems/thor-0.19.4/lib
  13. /Users/josh/.rbenv/versions/2.3.4/lib/ruby/gems/2.3.0/gems/pry-0.10.4/lib
  14. /Users/josh/.rbenv/versions/2.3.4/lib/ruby/gems/2.3.0/gems/slop-3.6.0/lib
  15. /Users/josh/.rbenv/versions/2.3.4/lib/ruby/gems/2.3.0/gems/method_source-0.8.2/lib
  16. /Users/josh/.rbenv/versions/2.3.4/lib/ruby/gems/2.3.0/gems/notiffany-0.1.1/lib
  17. /Users/josh/.rbenv/versions/2.3.4/lib/ruby/gems/2.3.0/gems/shellany-0.0.1/lib
  18. /Users/josh/.rbenv/versions/2.3.4/lib/ruby/gems/2.3.0/gems/nenv-0.3.0/lib
  19. /Users/josh/.rbenv/versions/2.3.4/lib/ruby/gems/2.3.0/gems/lumberjack-1.0.12/lib
  20. /Users/josh/.rbenv/versions/2.3.4/lib/ruby/gems/2.3.0/gems/listen-3.1.5/lib
  21. /Users/josh/.rbenv/versions/2.3.4/lib/ruby/gems/2.3.0/gems/ruby_dep-1.5.0/lib
  22. /Users/josh/.rbenv/versions/2.3.4/lib/ruby/gems/2.3.0/gems/rb-inotify-0.9.8/lib
  23. /Users/josh/.rbenv/versions/2.3.4/lib/ruby/gems/2.3.0/gems/rb-fsevent-0.9.8/lib
  24. /Users/josh/.rbenv/versions/2.3.4/lib/ruby/gems/2.3.0/gems/formatador-0.2.5/lib
  25. /Users/josh/.rbenv/versions/2.3.4/lib/ruby/gems/2.3.0/gems/ffi-1.9.18/lib
  26. /Users/josh/.rbenv/versions/2.3.4/lib/ruby/gems/2.3.0/extensions/x86_64-darwin-15/2.3.0-static/ffi-1.9.18
  27. /Users/josh/.rbenv/versions/2.3.4/lib/ruby/gems/2.3.0/gems/ddplugin-1.0.1/lib
  28. /Users/josh/.rbenv/versions/2.3.4/lib/ruby/gems/2.3.0/gems/cri-2.9.1/lib
  29. /Users/josh/.rbenv/versions/2.3.4/lib/ruby/gems/2.3.0/gems/concurrent-ruby-1.0.5/lib
  30. /Users/josh/.rbenv/versions/2.3.4/lib/ruby/gems/2.3.0/gems/colored-1.2/lib
  31. /Users/josh/.rbenv/versions/2.3.4/lib/ruby/gems/2.3.0/gems/coderay-1.1.1/lib
  32. /Users/josh/.rbenv/versions/2.3.4/lib/ruby/gems/2.3.0/gems/adsf-1.2.1/lib
  33. /Users/josh/.rbenv/versions/2.3.4/lib/ruby/gems/2.3.0/gems/rack-2.0.3/lib
  34. /Users/josh/.rbenv/versions/2.3.4/lib/ruby/gems/2.3.0/gems/rake-11.3.0/lib
  35. /Users/josh/.rbenv/versions/2.3.4/lib/ruby/site_ruby/2.3.0
  36. /Users/josh/.rbenv/versions/2.3.4/lib/ruby/site_ruby/2.3.0/x86_64-darwin15
  37. /Users/josh/.rbenv/versions/2.3.4/lib/ruby/site_ruby
  38. /Users/josh/.rbenv/versions/2.3.4/lib/ruby/vendor_ruby/2.3.0
  39. /Users/josh/.rbenv/versions/2.3.4/lib/ruby/vendor_ruby/2.3.0/x86_64-darwin15
  40. /Users/josh/.rbenv/versions/2.3.4/lib/ruby/vendor_ruby
  41. /Users/josh/.rbenv/versions/2.3.4/lib/ruby/2.3.0
  42. /Users/josh/.rbenv/versions/2.3.4/lib/ruby/2.3.0/x86_64-darwin15
